<?xml version="1.0" encoding="UTF-8" ?>
<testsuite tests="11" failures="0" name="com.phasmidsoftware.dsaipg.sort.par.ParSortTest" time="0.007" errors="0" skipped="0">
  <properties>
[...]
</properties>
  <testcase classname="com.phasmidsoftware.dsaipg.sort.par.ParSortTest" name="testSortEmptyArray" time="0.002"/>
  <testcase classname="com.phasmidsoftware.dsaipg.sort.par.ParSortTest" name="testSortOverlappingRange" time="0"/>
  <testcase classname="com.phasmidsoftware.dsaipg.sort.par.ParSortTest" name="testSortWithDuplicateValues" time="0"/>
  <testcase classname="com.phasmidsoftware.dsaipg.sort.par.ParSortTest" name="testSortPartialArray" time="0"/>
  <testcase classname="com.phasmidsoftware.dsaipg.sort.par.ParSortTest" name="testSortNegativeRange" time="0"/>
  <testcase classname="com.phasmidsoftware.dsaipg.sort.par.ParSortTest" name="testSortRandomLargeArray" time="0.005"/>
  <testcase classname="com.phasmidsoftware.dsaipg.sort.par.ParSortTest" name="testSortWithNegativeNumbers" time="0"/>
  <testcase classname="com.phasmidsoftware.dsaipg.sort.par.ParSortTest" name="testSortSmallArray" time="0"/>
  <testcase classname="com.phasmidsoftware.dsaipg.sort.par.ParSortTest" name="testSortAlreadySortedArray" time="0"/>
  <testcase classname="com.phasmidsoftware.dsaipg.sort.par.ParSortTest" name="testSortSingleElementArray" time="0"/>
  <testcase classname="com.phasmidsoftware.dsaipg.sort.par.ParSortTest" name="testSortLargeArray" time="0"/>
</testsuite>